<?xml version="1.0" encoding="UTF-8"?>
<!-- Generated by org.testng.reporters.JUnitReportReporter -->
<testsuite hostname="DESKTOP-BG8BQH6" failures="0" tests="10" name="fitPeo.AssignmentTestng" time="71.759" errors="0" timestamp="2024-11-27T14:20:37 IST" skipped="0">
  <testcase classname="fitPeo.AssignmentTestng" name="NavigatingFitpeo" time="10.066"/>
  <testcase classname="fitPeo.AssignmentTestng" name="RevenueCalculatorPage" time="7.356"/>
  <testcase classname="fitPeo.AssignmentTestng" name="ScrollToSlider" time="3.228"/>
  <testcase classname="fitPeo.AssignmentTestng" name="UpdateTextField" time="7.805"/>
  <testcase classname="fitPeo.AssignmentTestng" name="ValidateSliderValue" time="0.118">
    <system-out>
      <![CDATA[Q6.The  Sliedr Position is Updated to the Textbox value.
The Testcase is passed . Slidervalue is = 560]]>
    </system-out>
  </testcase> <!-- ValidateSliderValue -->
  <testcase classname="fitPeo.AssignmentTestng" name="SelectCPTCodes" time="25.843"/>
  <testcase classname="fitPeo.AssignmentTestng" name="TotalRecurringReimbursement" time="0.051">
    <system-out>
      <![CDATA[Q8.The Total Recurring Reimbursement is =  $75600]]>
    </system-out>
  </testcase> <!-- TotalRecurringReimbursement -->
  <testcase classname="fitPeo.AssignmentTestng" name="AdjustingTheSlider" time="8.877"/>
  <testcase classname="fitPeo.AssignmentTestng" name="ValidatTextfieldValue" time="3.039">
    <system-out>
      <![CDATA[Q4.The textBox value is matched to slider value.
The value is = 820]]>
    </system-out>
  </testcase> <!-- ValidatTextfieldValue -->
  <testcase classname="fitPeo.AssignmentTestng" name="HeaderTotalRecurringReimbursement" time="5.376">
    <system-out>
      <![CDATA[Q9.The header value is Matched with the required value.
The header value is = $110700]]>
    </system-out>
  </testcase> <!-- HeaderTotalRecurringReimbursement -->
  <system-out>
    <![CDATA[Q6.The  Sliedr Position is Updated to the Textbox value.
The Testcase is passed . Slidervalue is = 560
Q8.The Total Recurring Reimbursement is =  $75600
Q4.The textBox value is matched to slider value.
The value is = 820
Q9.The header value is Matched with the required value.
The header value is = $110700]]>
  </system-out>
</testsuite> <!-- fitPeo.AssignmentTestng -->
